Warning: SQLSTATE[23000]: Integrity constraint violation: 1062 Duplicate entry '12415766' for key 'app_number'
Trace: #0 C:\xampp\htdocs\test\rmu_admissions_admin_test\src\System\DatabaseMethods.php(70): PDOStatement->execute(Array)
#1 C:\xampp\htdocs\test\rmu_admissions_admin_test\src\System\DatabaseMethods.php(119): Src\System\DatabaseMethods->query('INSERT INTO `st...', Array)
#2 C:\xampp\htdocs\test\rmu_admissions_admin_test\src\Controller\AdminController.php(3199): Src\System\DatabaseMethods->inputData('INSERT INTO `st...', Array)
#3 C:\xampp\htdocs\test\rmu_admissions_admin_test\src\Controller\AdminController.php(3299): Src\Controller\AdminController->addNewStudent(Array)
#4 C:\xampp\htdocs\test\rmu_admissions_admin_test\endpoint\index.php(1100): Src\Controller\AdminController->enrollApplicant('1448', '17', '100', '2')
#5 {main}
Warning: SQLSTATE[23000]: Integrity constraint violation: 1062 Duplicate entry '12431023' for key 'app_number'
Trace: #0 C:\xampp\htdocs\test\rmu_admissions_admin_test\src\System\DatabaseMethods.php(70): PDOStatement->execute(Array)
#1 C:\xampp\htdocs\test\rmu_admissions_admin_test\src\System\DatabaseMethods.php(119): Src\System\DatabaseMethods->query('INSERT INTO `st...', Array)
#2 C:\xampp\htdocs\test\rmu_admissions_admin_test\src\Controller\AdminController.php(3199): Src\System\DatabaseMethods->inputData('INSERT INTO `st...', Array)
#3 C:\xampp\htdocs\test\rmu_admissions_admin_test\src\Controller\AdminController.php(3299): Src\Controller\AdminController->addNewStudent(Array)
#4 C:\xampp\htdocs\test\rmu_admissions_admin_test\endpoint\index.php(1100): Src\Controller\AdminController->enrollApplicant('1694', '17', '100', '2')
#5 {main}
Warning: SQLSTATE[42S22]: Column not found: 1054 Unknown column 'c.credits' in 'field list'
Trace: #0 C:\xampp\htdocs\test\rmu_admissions_admin_test\src\System\DatabaseMethods.php(70): PDOStatement->execute(Array)
#1 C:\xampp\htdocs\test\rmu_admissions_admin_test\src\System\DatabaseMethods.php(104): Src\System\DatabaseMethods->query('SELECT c.`credi...', Array)
#2 C:\xampp\htdocs\test\rmu_admissions_admin_test\src\Controller\AdminController.php(3326): Src\System\DatabaseMethods->getData('SELECT c.`credi...', Array)
#3 C:\xampp\htdocs\test\rmu_admissions_admin_test\endpoint\index.php(1110): Src\Controller\AdminController->setStudentCourses('DIT26', '17')
#4 {main}
Warning: SQLSTATE[23000]: Integrity constraint violation: 1062 Duplicate entry '12431023' for key 'app_number'
Trace: #0 C:\xampp\htdocs\test\rmu_admissions_admin_test\src\System\DatabaseMethods.php(70): PDOStatement->execute(Array)
#1 C:\xampp\htdocs\test\rmu_admissions_admin_test\src\System\DatabaseMethods.php(119): Src\System\DatabaseMethods->query('INSERT INTO `st...', Array)
#2 C:\xampp\htdocs\test\rmu_admissions_admin_test\src\Controller\AdminController.php(3199): Src\System\DatabaseMethods->inputData('INSERT INTO `st...', Array)
#3 C:\xampp\htdocs\test\rmu_admissions_admin_test\src\Controller\AdminController.php(3299): Src\Controller\AdminController->addNewStudent(Array)
#4 C:\xampp\htdocs\test\rmu_admissions_admin_test\endpoint\index.php(1100): Src\Controller\AdminController->enrollApplicant('1694', '17', '100', '2')
#5 {main}
Warning: SQLSTATE[42S22]: Column not found: 1054 Unknown column 'c.credits' in 'field list'
Trace: #0 C:\xampp\htdocs\test\rmu_admissions_admin_test\src\System\DatabaseMethods.php(70): PDOStatement->execute(Array)
#1 C:\xampp\htdocs\test\rmu_admissions_admin_test\src\System\DatabaseMethods.php(104): Src\System\DatabaseMethods->query('SELECT c.`credi...', Array)
#2 C:\xampp\htdocs\test\rmu_admissions_admin_test\src\Controller\AdminController.php(3326): Src\System\DatabaseMethods->getData('SELECT c.`credi...', Array)
#3 C:\xampp\htdocs\test\rmu_admissions_admin_test\endpoint\index.php(1110): Src\Controller\AdminController->setStudentCourses('DIT26', '17')
#4 {main}
